0 info it worked if it ends with ok
1 verbose cli [ '/home/asoft/.nvm/versions/node/v4.2.6/bin/node',
1 verbose cli   '/home/asoft/.nvm/versions/node/v4.2.6/bin/npm',
1 verbose cli   'publish' ]
2 info using npm@1.4.28
3 info using node@v4.2.6
4 verbose publish [ '.' ]
5 verbose cache add [ '.', null ]
6 verbose cache add name=undefined spec="." args=[".",null]
7 verbose parsed url Url {
7 verbose parsed url   protocol: null,
7 verbose parsed url   slashes: null,
7 verbose parsed url   auth: null,
7 verbose parsed url   host: null,
7 verbose parsed url   port: null,
7 verbose parsed url   hostname: null,
7 verbose parsed url   hash: null,
7 verbose parsed url   search: null,
7 verbose parsed url   query: null,
7 verbose parsed url   pathname: '.',
7 verbose parsed url   path: '.',
7 verbose parsed url   href: '.' }
8 silly lockFile 3a52ce78- .
9 verbose lock . /home/asoft/.npm/3a52ce78-.lock
10 verbose tar pack [ '/home/asoft/.npm/ember-lightbox-me/0.0.1/package.tgz', '.' ]
11 verbose tarball /home/asoft/.npm/ember-lightbox-me/0.0.1/package.tgz
12 verbose folder .
13 info prepublish ember-lightbox-me@0.0.1
14 silly lockFile 1f1177db-tar tar://.
15 verbose lock tar://. /home/asoft/.npm/1f1177db-tar.lock
16 silly lockFile 2ed6a65f-er-lightbox-me-0-0-1-package-tgz tar:///home/asoft/.npm/ember-lightbox-me/0.0.1/package.tgz
17 verbose lock tar:///home/asoft/.npm/ember-lightbox-me/0.0.1/package.tgz /home/asoft/.npm/2ed6a65f-er-lightbox-me-0-0-1-package-tgz.lock
18 silly lockFile 1f1177db-tar tar://.
19 silly lockFile 1f1177db-tar tar://.
20 silly lockFile 2ed6a65f-er-lightbox-me-0-0-1-package-tgz tar:///home/asoft/.npm/ember-lightbox-me/0.0.1/package.tgz
21 silly lockFile 2ed6a65f-er-lightbox-me-0-0-1-package-tgz tar:///home/asoft/.npm/ember-lightbox-me/0.0.1/package.tgz
22 silly lockFile 2fda4d64--ember-lightbox-me-0-0-1-package /home/asoft/.npm/ember-lightbox-me/0.0.1/package
23 verbose lock /home/asoft/.npm/ember-lightbox-me/0.0.1/package /home/asoft/.npm/2fda4d64--ember-lightbox-me-0-0-1-package.lock
24 silly lockFile 2fda4d64--ember-lightbox-me-0-0-1-package /home/asoft/.npm/ember-lightbox-me/0.0.1/package
25 silly lockFile 2fda4d64--ember-lightbox-me-0-0-1-package /home/asoft/.npm/ember-lightbox-me/0.0.1/package
26 silly lockFile 3a52ce78- .
27 silly lockFile 3a52ce78- .
28 silly publish { name: 'ember-lightbox-me',
28 silly publish   version: '0.0.1',
28 silly publish   description: 'this is lightbox_me addon to ember-cli-fastboot project',
28 silly publish   main: 'index.js',
28 silly publish   repository:
28 silly publish    { type: 'git',
28 silly publish      url: 'https://github.com/BohdanRyba/Lightbox_me.git' },
28 silly publish   author: { name: 'asoft', email: 'web.dev.asoft@gmail.com' },
28 silly publish   license: 'MIT',
28 silly publish   keywords: [ 'ember-addon' ],
28 silly publish   dependencies: { 'fastboot-transform': '^0.1.3', 'lightbox-me': '^1.0.0' },
28 silly publish   readme: '# jquery.lightbox_me.js #\n**version 2.2**\n\nHave you ever had a DOM element that you wanted lightboxed, but didn\'t want all the fanciness of all the lightbox-related plug-ins out there? Lightbox_me is for you.\n\nLightbox_me is an essential tool for the jQuery developer\'s toolbox. Feed it a DOM element wrapped in a jQuery object and it will lightbox it for you, no muss no fuss.\n\nView more information at http://buckwilson.me/lightboxme\n\n\n\n## Usage\n\nLightbox_me is a jQuery plugin and requires jQuery to be included in order to work.\n\nInclude both jQuery and the lightbox_me JavaScript file before calling the plugin in your JavaScript.\n\nInvoke the lightbox by calling the plugin on a jQuery object:\n\n    $(dom).lightbox_me();\n\n## License\n\n> Licensed under the Apache License, Version 2.0 (the "License");\nyou may not use this file except in compliance with the License.\nYou may obtain a copy of the License at\n>\n>    http://www.apache.org/licenses/LICENSE-2.0\n>    \n> Unless required by applicable law or agreed to in writing, software\ndistributed under the License is distributed on an "AS IS" BASIS,\nWITHOUT WARRANTIES OR CONDITIONS OF ANY KIND, either express or implied.\nSee the License for the specific language governing permissions and\nlimitations under the License.\n\n\n## Author Information\n\nLightbox_me was created by Buck Wilson for Jive Software.\n\nhttp://buckwilson.me\nhttp://jivesoftware.com\n\n',
28 silly publish   readmeFilename: 'README.markdown',
28 silly publish   gitHead: '221933278635ea8b2331d1ab54a91aed5d1ca1e8',
28 silly publish   bugs: { url: 'https://github.com/BohdanRyba/Lightbox_me/issues' },
28 silly publish   homepage: 'https://github.com/BohdanRyba/Lightbox_me',
28 silly publish   _id: 'ember-lightbox-me@0.0.1',
28 silly publish   scripts: {},
28 silly publish   _shasum: '79cc87d85566d6b97223cbd398552d7e9b087cd0',
28 silly publish   _from: '.' }
29 verbose request where is /ember-lightbox-me
30 verbose request registry https://registry.npmjs.org/
31 verbose request id a9c015bcd60482a4
32 verbose url raw /ember-lightbox-me
33 verbose url resolving [ 'https://registry.npmjs.org/', './ember-lightbox-me' ]
34 verbose url resolved https://registry.npmjs.org/ember-lightbox-me
35 verbose request where is https://registry.npmjs.org/ember-lightbox-me
36 info trying registry request attempt 1 at 16:59:24
37 http PUT https://registry.npmjs.org/ember-lightbox-me
38 http 403 https://registry.npmjs.org/ember-lightbox-me
39 verbose headers { date: 'Thu, 11 Apr 2019 13:59:27 GMT',
39 verbose headers   'content-type': 'application/json',
39 verbose headers   'transfer-encoding': 'chunked',
39 verbose headers   connection: 'close',
39 verbose headers   'set-cookie': [ '__cfduid=d9207fa4624145a08cd7dfa0444005f441554991165; expires=Fri, 10-Apr-20 13:59:25 GMT; path=/; domain=.registry.npmjs.org; HttpOnly' ],
39 verbose headers   'cf-ray': '4c5d7b1d6e758ae0-KBP',
39 verbose headers   'expect-ct': 'max-age=604800, report-uri="https://report-uri.cloudflare.com/cdn-cgi/beacon/expect-ct"',
39 verbose headers   vary: 'Accept-Encoding',
39 verbose headers   server: 'cloudflare',
39 verbose headers   'content-encoding': 'gzip' }
40 error publish Failed PUT 403
41 error Error: You cannot publish over the previously published versions: 0.0.1. : ember-lightbox-me
41 error     at RegClient.<anonymous> (/home/asoft/.nvm/versions/node/v4.2.6/lib/node_modules/npm/node_modules/npm-registry-client/lib/request.js:308:14)
41 error     at /home/asoft/.nvm/versions/node/v4.2.6/lib/node_modules/npm/node_modules/npm-registry-client/lib/request.js:251:7
41 error     at Gunzip.onEnd (zlib.js:227:5)
41 error     at emitNone (events.js:72:20)
41 error     at Gunzip.emit (events.js:166:7)
41 error     at endReadableNT (_stream_readable.js:905:12)
41 error     at nextTickCallbackWith2Args (node.js:441:9)
41 error     at process._tickCallback (node.js:355:17)
42 error If you need help, you may report this *entire* log,
42 error including the npm and node versions, at:
42 error     <http://github.com/npm/npm/issues>
43 error System Linux 4.15.0-47-generic
44 error command "/home/asoft/.nvm/versions/node/v4.2.6/bin/node" "/home/asoft/.nvm/versions/node/v4.2.6/bin/npm" "publish"
45 error cwd /home/asoft/Рабочий стол/lightbox/Lightbox_me
46 error node -v v4.2.6
47 error npm -v 1.4.28
48 verbose exit [ 1, true ]
