Arguments: 
  /home/asoft/.nvm/versions/node/v10.15.2/bin/node /usr/share/yarn/bin/yarn.js add lightbox-me

PATH: 
  /home/asoft/.nvm/versions/node/v10.15.2/bin:/home/asoft/.local/share/umake/bin:/home/asoft/.local/share/umake/bin:/usr/local/sbin:/usr/local/bin:/usr/sbin:/usr/bin:/sbin:/bin:/usr/games:/usr/local/games:/snap/bin

Yarn version: 
  1.15.2

Node version: 
  10.15.2

Platform: 
  linux x64

Trace: 
  Error: https://registry.yarnpkg.com/@: Request "https://registry.yarnpkg.com/@" returned a 405
      at Request.params.callback [as _callback] (/usr/share/yarn/lib/cli.js:66067:18)
      at Request.self.callback (/usr/share/yarn/lib/cli.js:129541:22)
      at Request.emit (events.js:189:13)
      at Request.<anonymous> (/usr/share/yarn/lib/cli.js:130513:10)
      at Request.emit (events.js:189:13)
      at IncomingMessage.<anonymous> (/usr/share/yarn/lib/cli.js:130435:12)
      at Object.onceWrapper (events.js:277:13)
      at IncomingMessage.emit (events.js:194:15)
      at endReadableNT (_stream_readable.js:1103:12)
      at process._tickCallback (internal/process/next_tick.js:63:19)

npm manifest: 
  {
    "name": "ember-lightbox-me",
    "version": "0.1",
    "description": "this is lightbox_me addon to ember-cli-fastboot project",
    "main": "index.js",
    "repository": "https://github.com/BohdanRyba/Lightbox_me.git",
    "author": "asoft <web.dev.asoft@gmail.com>",
    "license": "MIT",
    "dependencies": {
      "fastboot-transform": "^0.1.3",
      "": ""
    }
  }

yarn manifest: 
  No manifest

Lockfile: 
  # THIS IS AN AUTOGENERATED FILE. DO NOT EDIT THIS FILE DIRECTLY.
  # yarn lockfile v1
  
  
  ansi-styles@^3.2.1:
    version "3.2.1"
    resolved "https://registry.yarnpkg.com/ansi-styles/-/ansi-styles-3.2.1.tgz#41fbb20243e50b12be0f04b8dedbf07520ce841d"
    integrity sha512-VT0ZI6kZRdTh8YyJw3SMbYm/u+NqfsAxEpWO0Pf9sq8/e94WxxOpPKx9FR1FlyCtOVDNOQ+8ntlqFxiRc+r5qA==
    dependencies:
      color-convert "^1.9.0"
  
  array-equal@^1.0.0:
    version "1.0.0"
    resolved "https://registry.yarnpkg.com/array-equal/-/array-equal-1.0.0.tgz#8c2a5ef2472fd9ea742b04c77a75093ba2757c93"
    integrity sha1-jCpe8kcv2ep0KwTHenUJO6J1fJM=
  
  async-disk-cache@^1.2.1:
    version "1.3.4"
    resolved "https://registry.yarnpkg.com/async-disk-cache/-/async-disk-cache-1.3.4.tgz#a5c9f72f199a9933583659f57a0e11377884f816"
    integrity sha512-qsIvGJ/XYZ5bSGf5vHt2aEQHZnyuehmk/+51rCJhpkZl4LtvOZ+STbhLbdFAJGYO+dLzUT5Bb4nLKqHBX83vhw==
    dependencies:
      debug "^2.1.3"
      heimdalljs "^0.2.3"
      istextorbinary "2.1.0"
      mkdirp "^0.5.0"
      rimraf "^2.5.3"
      rsvp "^3.0.18"
      username-sync "^1.0.2"
  
  async-promise-queue@^1.0.3:
    version "1.0.4"
    resolved "https://registry.yarnpkg.com/async-promise-queue/-/async-promise-queue-1.0.4.tgz#308baafbc74aff66a0bb6e7f4a18d4fe8434440c"
    integrity sha512-GQ5X3DT+TefYuFPHdvIPXFTlKnh39U7dwtl+aUBGeKjMea9nBpv3c91DXgeyBQmY07vQ97f3Sr9XHqkamEameQ==
    dependencies:
      async "^2.4.1"
      debug "^2.6.8"
  
  async@^2.4.1:
    version "2.6.2"
    resolved "https://registry.yarnpkg.com/async/-/async-2.6.2.tgz#18330ea7e6e313887f5d2f2a904bac6fe4dd5381"
    integrity sha512-H1qVYh1MYhEEFLsP97cVKqCGo7KfCyTt6uEWqsTBr9SO84oK9Uwbyd/yCW+6rKJLHksBNUVWZDAjfS+Ccx0Bbg==
    dependencies:
      lodash "^4.17.11"
  
  balanced-match@^1.0.0:
    version "1.0.0"
    resolved "https://registry.yarnpkg.com/balanced-match/-/balanced-match-1.0.0.tgz#89b4d199ab2bee49de164ea02b89ce462d71b767"
    integrity sha1-ibTRmasr7kneFk6gK4nORi1xt2c=
  
  "binaryextensions@1 || 2":
    version "2.1.2"
    resolved "https://registry.yarnpkg.com/binaryextensions/-/binaryextensions-2.1.2.tgz#c83c3d74233ba7674e4f313cb2a2b70f54e94b7c"
    integrity sha512-xVNN69YGDghOqCCtA6FI7avYrr02mTJjOgB0/f1VPD3pJC8QEvjTKWc4epDx8AqxxA75NI0QpVM2gPJXUbE4Tg==
  
  blank-object@^1.0.1:
    version "1.0.2"
    resolved "https://registry.yarnpkg.com/blank-object/-/blank-object-1.0.2.tgz#f990793fbe9a8c8dd013fb3219420bec81d5f4b9"
    integrity sha1-+ZB5P76ajI3QE/syGUIL7IHV9Lk=
  
  brace-expansion@^1.1.7:
    version "1.1.11"
    resolved "https://registry.yarnpkg.com/brace-expansion/-/brace-expansion-1.1.11.tgz#3c7fcbf529d87226f3d2f52b966ff5271eb441dd"
    integrity sha512-iCuPHDFgrHX7H2vEI/5xpz07zSHB00TpugqhmYtVmMO6518mCuRMoOYFldEBl0g187ufozdaHgWKcYFb61qGiA==
    dependencies:
      balanced-match "^1.0.0"
      concat-map "0.0.1"
  
  broccoli-debug@^0.6.1:
    version "0.6.5"
    resolved "https://registry.yarnpkg.com/broccoli-debug/-/broccoli-debug-0.6.5.tgz#164a5cdafd8936e525e702bf8f91f39d758e2e78"
    integrity sha512-RIVjHvNar9EMCLDW/FggxFRXqpjhncM/3qq87bn/y+/zR9tqEkHvTqbyOc4QnB97NO2m6342w4wGkemkaeOuWg==
    dependencies:
      broccoli-plugin "^1.2.1"
      fs-tree-diff "^0.5.2"
      heimdalljs "^0.2.1"
      heimdalljs-logger "^0.1.7"
      symlink-or-copy "^1.1.8"
      tree-sync "^1.2.2"
  
  broccoli-funnel@^2.0.0:
    version "2.0.2"
    resolved "https://registry.yarnpkg.com/broccoli-funnel/-/broccoli-funnel-2.0.2.tgz#0edf629569bc10bd02cc525f74b9a38e71366a75"
    integrity sha512-/vDTqtv7ipjEZQOVqO4vGDVAOZyuYzQ/EgGoyewfOgh1M7IQAToBKZI0oAQPgMBeFPPlIbfMuAngk+ohPBuaHQ==
    dependencies:
      array-equal "^1.0.0"
      blank-object "^1.0.1"
      broccoli-plugin "^1.3.0"
      debug "^2.2.0"
      fast-ordered-set "^1.0.0"
      fs-tree-diff "^0.5.3"
      heimdalljs "^0.2.0"
      minimatch "^3.0.0"
      mkdirp "^0.5.0"
      path-posix "^1.0.0"
      rimraf "^2.4.3"
      symlink-or-copy "^1.0.0"
      walk-sync "^0.3.1"
  
  broccoli-kitchen-sink-helpers@^0.3.1:
    version "0.3.1"
    resolved "https://registry.yarnpkg.com/broccoli-kitchen-sink-helpers/-/broccoli-kitchen-sink-helpers-0.3.1.tgz#77c7c18194b9664163ec4fcee2793444926e0c06"
    integrity sha1-d8fBgZS5ZkFj7E/O4nk0RJJuDAY=
    dependencies:
      glob "^5.0.10"
      mkdirp "^0.5.1"
  
  broccoli-merge-trees@^2.0.0:
    version "2.0.1"
    resolved "https://registry.yarnpkg.com/broccoli-merge-trees/-/broccoli-merge-trees-2.0.1.tgz#14d4b7fc1a90318c12b16f843e6ba2693808100c"
    integrity sha512-WjaexJ+I8BxP5V5RNn6um/qDRSmKoiBC/QkRi79FT9ClHfldxRyCDs9mcV7mmoaPlsshmmPaUz5jdtcKA6DClQ==
    dependencies:
      broccoli-plugin "^1.3.0"
      merge-trees "^1.0.1"
  
  broccoli-persistent-filter@^1.1.6:
    version "1.4.6"
    resolved "https://registry.yarnpkg.com/broccoli-persistent-filter/-/broccoli-persistent-filter-1.4.6.tgz#80762d19000880a77da33c34373299c0f6a3e615"
    integrity sha512-0RejLwoC95kv4kta8KAa+FmECJCK78Qgm8SRDEK7YyU0N9Cx6KpY3UCDy9WELl3mCXLN8TokNxc7/hp3lL4lfw==
    dependencies:
      async-disk-cache "^1.2.1"
      async-promise-queue "^1.0.3"
      broccoli-plugin "^1.0.0"
      fs-tree-diff "^0.5.2"
      hash-for-dep "^1.0.2"
      heimdalljs "^0.2.1"
      heimdalljs-logger "^0.1.7"
      mkdirp "^0.5.1"
      promise-map-series "^0.2.1"
      rimraf "^2.6.1"
      rsvp "^3.0.18"
      symlink-or-copy "^1.0.1"
      walk-sync "^0.3.1"
  
  broccoli-plugin@^1.0.0, broccoli-plugin@^1.2.1, broccoli-plugin@^1.3.0:
    version "1.3.1"
    resolved "https://registry.yarnpkg.com/broccoli-plugin/-/broccoli-plugin-1.3.1.tgz#a26315732fb99ed2d9fb58f12a1e14e986b4fabd"
    integrity sha512-DW8XASZkmorp+q7J4EeDEZz+LoyKLAd2XZULXyD9l4m9/hAKV3vjHmB1kiUshcWAYMgTP1m2i4NnqCE/23h6AQ==
    dependencies:
      promise-map-series "^0.2.1"
      quick-temp "^0.1.3"
      rimraf "^2.3.4"
      symlink-or-copy "^1.1.8"
  
  broccoli-stew@^1.5.0:
    version "1.6.0"
    resolved "https://registry.yarnpkg.com/broccoli-stew/-/broccoli-stew-1.6.0.tgz#01f6d92806ed6679ddbe48d405066a0e164dfbef"
    integrity sha512-sUwCJNnYH4Na690By5xcEMAZqKgquUQnMAEuIiL3Z2k63mSw9Xg+7Ew4wCrFrMmXMcLpWjZDOm6Yqnq268N+ZQ==
    dependencies:
      broccoli-debug "^0.6.1"
      broccoli-funnel "^2.0.0"
      broccoli-merge-trees "^2.0.0"
      broccoli-persistent-filter "^1.1.6"
      broccoli-plugin "^1.3.0"
      chalk "^2.4.1"
      debug "^3.1.0"
      ensure-posix-path "^1.0.1"
      fs-extra "^5.0.0"
      minimatch "^3.0.4"
      resolve "^1.8.1"
      rsvp "^4.8.3"
      symlink-or-copy "^1.2.0"
      walk-sync "^0.3.0"
  
  can-symlink@^1.0.0:
    version "1.0.0"
    resolved "https://registry.yarnpkg.com/can-symlink/-/can-symlink-1.0.0.tgz#97b607d8a84bb6c6e228b902d864ecb594b9d219"
    integrity sha1-l7YH2KhLtsbiKLkC2GTstZS50hk=
    dependencies:
      tmp "0.0.28"
  
  chalk@^2.4.1:
    version "2.4.2"
    resolved "https://registry.yarnpkg.com/chalk/-/chalk-2.4.2.tgz#cd42541677a54333cf541a49108c1432b44c9424"
    integrity sha512-Mti+f9lpJNcwF4tWV8/OrTTtF1gZi+f8FqlyAdouralcFWFQWF2+NgCHShjkCb+IFBLq9buZwE1xckQU4peSuQ==
    dependencies:
      ansi-styles "^3.2.1"
      escape-string-regexp "^1.0.5"
      supports-color "^5.3.0"
  
  color-convert@^1.9.0:
    version "1.9.3"
    resolved "https://registry.yarnpkg.com/color-convert/-/color-convert-1.9.3.tgz#bb71850690e1f136567de629d2d5471deda4c1e8"
    integrity sha512-QfAUtd+vFdAtFQcC8CCyYt1fYWxSqAiK2cSD6zDB8N3cpsEBAvRxp9zOGg6G/SHHJYAT88/az/IuDGALsNVbGg==
    dependencies:
      color-name "1.1.3"
  
  color-name@1.1.3:
    version "1.1.3"
    resolved "https://registry.yarnpkg.com/color-name/-/color-name-1.1.3.tgz#a7d0558bd89c42f795dd42328f740831ca53bc25"
    integrity sha1-p9BVi9icQveV3UIyj3QIMcpTvCU=
  
  concat-map@0.0.1:
    version "0.0.1"
    resolved "https://registry.yarnpkg.com/concat-map/-/concat-map-0.0.1.tgz#d8a96bd77fd68df7793a73036a3ba0d5405d477b"
    integrity sha1-2Klr13/Wjfd5OnMDajug1UBdR3s=
  
  convert-source-map@^1.5.1:
    version "1.6.0"
    resolved "https://registry.yarnpkg.com/convert-source-map/-/convert-source-map-1.6.0.tgz#51b537a8c43e0f04dec1993bffcdd504e758ac20"
    integrity sha512-eFu7XigvxdZ1ETfbgPBohgyQ/Z++C0eEhTor0qRwBw9unw+L0/6V8wkSuGgzdThkiS5lSpdptOQPD8Ak40a+7A==
    dependencies:
      safe-buffer "~5.1.1"
  
  debug@^2.1.3, debug@^2.2.0, debug@^2.6.8:
    version "2.6.9"
    resolved "https://registry.yarnpkg.com/debug/-/debug-2.6.9.tgz#5d128515df134ff327e90a4c93f4e077a536341f"
    integrity sha512-bC7ElrdJaJnPbAP+1EotYvqZsb3ecl5wi6Bfi6BJTUcNowp6cvspg0jXznRTKDjm/E7AdgFBVeAPVMNcKGsHMA==
    dependencies:
      ms "2.0.0"
  
  debug@^3.1.0:
    version "3.2.6"
    resolved "https://registry.yarnpkg.com/debug/-/debug-3.2.6.tgz#e83d17de16d8a7efb7717edbe5fb10135eee629b"
    integrity sha512-mel+jf7nrtEl5Pn1Qx46zARXKDpBbvzezse7p7LqINmdoIk8PYP5SySaxEmYv6TZ0JyEKA1hsCId6DIhgITtWQ==
    dependencies:
      ms "^2.1.1"
  
  editions@^1.1.1:
    version "1.3.4"
    resolved "https://registry.yarnpkg.com/editions/-/editions-1.3.4.tgz#3662cb592347c3168eb8e498a0ff73271d67f50b"
    integrity sha512-gzao+mxnYDzIysXKMQi/+M1mjy/rjestjg6OPoYTtI+3Izp23oiGZitsl9lPDPiTGXbcSIk1iJWhliSaglxnUg==
  
  ensure-posix-path@^1.0.0, ensure-posix-path@^1.0.1:
    version "1.1.1"
    resolved "https://registry.yarnpkg.com/ensure-posix-path/-/ensure-posix-path-1.1.1.tgz#3c62bdb19fa4681544289edb2b382adc029179ce"
    integrity sha512-VWU0/zXzVbeJNXvME/5EmLuEj2TauvoaTz6aFYK1Z92JCBlDlZ3Gu0tuGR42kpW1754ywTs+QB0g5TP0oj9Zaw==
  
  escape-string-regexp@^1.0.5:
    version "1.0.5"
    resolved "https://registry.yarnpkg.com/escape-string-regexp/-/escape-string-regexp-1.0.5.tgz#1b61c0562190a8dff6ae3bb2cf0200ca130b86d4"
    integrity sha1-G2HAViGQqN/2rjuyzwIAyhMLhtQ=
  
  fast-ordered-set@^1.0.0:
    version "1.0.3"
    resolved "https://registry.yarnpkg.com/fast-ordered-set/-/fast-ordered-set-1.0.3.tgz#3fbb36634f7be79e4f7edbdb4a357dee25d184eb"
    integrity sha1-P7s2Y097555PftvbSjV97iXRhOs=
    dependencies:
      blank-object "^1.0.1"
  
  fastboot-transform@^0.1.3:
    version "0.1.3"
    resolved "https://registry.yarnpkg.com/fastboot-transform/-/fastboot-transform-0.1.3.tgz#7dea0b117594afd8772baa6c9b0919644e7f7dcd"
    integrity sha512-6otygPIJw1ARp1jJb+6KVO56iKBjhO+5x59RSC9qiZTbZRrv+HZAuP00KD3s+nWMvcFDemtdkugki9DNFTTwCQ==
    dependencies:
      broccoli-stew "^1.5.0"
      convert-source-map "^1.5.1"
  
  fs-extra@^5.0.0:
    version "5.0.0"
    resolved "https://registry.yarnpkg.com/fs-extra/-/fs-extra-5.0.0.tgz#414d0110cdd06705734d055652c5411260c31abd"
    integrity sha512-66Pm4RYbjzdyeuqudYqhFiNBbCIuI9kgRqLPSHIlXHidW8NIQtVdkM1yeZ4lXwuhbTETv3EUGMNHAAw6hiundQ==
    dependencies:
      graceful-fs "^4.1.2"
      jsonfile "^4.0.0"
      universalify "^0.1.0"
  
  fs-tree-diff@^0.5.2, fs-tree-diff@^0.5.3, fs-tree-diff@^0.5.4, fs-tree-diff@^0.5.6:
    version "0.5.9"
    resolved "https://registry.yarnpkg.com/fs-tree-diff/-/fs-tree-diff-0.5.9.tgz#a4ec6182c2f5bd80b9b83c8e23e4522e6f5fd946"
    integrity sha512-872G8ax0kHh01m9n/2KDzgYwouKza0Ad9iFltBpNykvROvf2AGtoOzPJgGx125aolGPER3JuC7uZFrQ7bG1AZw==
    dependencies:
      heimdalljs-logger "^0.1.7"
      object-assign "^4.1.0"
      path-posix "^1.0.0"
      symlink-or-copy "^1.1.8"
  
  fs.realpath@^1.0.0:
    version "1.0.0"
    resolved "https://registry.yarnpkg.com/fs.realpath/-/fs.realpath-1.0.0.tgz#1504ad2523158caa40db4a2787cb01411994ea4f"
    integrity sha1-FQStJSMVjKpA20onh8sBQRmU6k8=
  
  glob@^5.0.10:
    version "5.0.15"
    resolved "https://registry.yarnpkg.com/glob/-/glob-5.0.15.tgz#1bc936b9e02f4a603fcc222ecf7633d30b8b93b1"
    integrity sha1-G8k2ueAvSmA/zCIuz3Yz0wuLk7E=
    dependencies:
      inflight "^1.0.4"
      inherits "2"
      minimatch "2 || 3"
      once "^1.3.0"
      path-is-absolute "^1.0.0"
  
  glob@^7.1.3:
    version "7.1.3"
    resolved "https://registry.yarnpkg.com/glob/-/glob-7.1.3.tgz#3960832d3f1574108342dafd3a67b332c0969df1"
    integrity sha512-vcfuiIxogLV4DlGBHIUOwI0IbrJ8HWPc4MU7HzviGeNho/UJDfi6B5p3sHeWIQ0KGIU0Jpxi5ZHxemQfLkkAwQ==
    dependencies:
      fs.realpath "^1.0.0"
      inflight "^1.0.4"
      inherits "2"
      minimatch "^3.0.4"
      once "^1.3.0"
      path-is-absolute "^1.0.0"
  
  graceful-fs@^4.1.2, graceful-fs@^4.1.6:
    version "4.1.15"
    resolved "https://registry.yarnpkg.com/graceful-fs/-/graceful-fs-4.1.15.tgz#ffb703e1066e8a0eeaa4c8b80ba9253eeefbfb00"
    integrity sha512-6uHUhOPEBgQ24HM+r6b/QwWfZq+yiFcipKFrOFiBEnWdy5sdzYoi+pJeQaPI5qOLRFqWmAXUPQNsielzdLoecA==
  
  has-flag@^3.0.0:
    version "3.0.0"
    resolved "https://registry.yarnpkg.com/has-flag/-/has-flag-3.0.0.tgz#b5d454dc2199ae225699f3467e5a07f3b955bafd"
    integrity sha1-tdRU3CGZriJWmfNGfloH87lVuv0=
  
  hash-for-dep@^1.0.2:
    version "1.5.1"
    resolved "https://registry.yarnpkg.com/hash-for-dep/-/hash-for-dep-1.5.1.tgz#497754b39bee2f1c4ade4521bfd2af0a7c1196e3"
    integrity sha512-/dQ/A2cl7FBPI2pO0CANkvuuVi/IFS5oTyJ0PsOb6jW6WbVW1js5qJXMJTNbWHXBIPdFTWFbabjB+mE0d+gelw==
    dependencies:
      broccoli-kitchen-sink-helpers "^0.3.1"
      heimdalljs "^0.2.3"
      heimdalljs-logger "^0.1.7"
      path-root "^0.1.1"
      resolve "^1.10.0"
      resolve-package-path "^1.0.11"
  
  heimdalljs-logger@^0.1.7:
    version "0.1.10"
    resolved "https://registry.yarnpkg.com/heimdalljs-logger/-/heimdalljs-logger-0.1.10.tgz#90cad58aabb1590a3c7e640ddc6a4cd3a43faaf7"
    integrity sha512-pO++cJbhIufVI/fmB/u2Yty3KJD0TqNPecehFae0/eps0hkZ3b4Zc/PezUMOpYuHFQbA7FxHZxa305EhmjLj4g==
    dependencies:
      debug "^2.2.0"
      heimdalljs "^0.2.6"
  
  heimdalljs@^0.2.0, heimdalljs@^0.2.1, heimdalljs@^0.2.3, heimdalljs@^0.2.6:
    version "0.2.6"
    resolved "https://registry.yarnpkg.com/heimdalljs/-/heimdalljs-0.2.6.tgz#b0eebabc412813aeb9542f9cc622cb58dbdcd9fe"
    integrity sha512-o9bd30+5vLBvBtzCPwwGqpry2+n0Hi6H1+qwt6y+0kwRHGGF8TFIhJPmnuM0xO97zaKrDZMwO/V56fAnn8m/tA==
    dependencies:
      rsvp "~3.2.1"
  
  inflight@^1.0.4:
    version "1.0.6"
    resolved "https://registry.yarnpkg.com/inflight/-/inflight-1.0.6.tgz#49bd6331d7d02d0c09bc910a1075ba8165b56df9"
    integrity sha1-Sb1jMdfQLQwJvJEKEHW6gWW1bfk=
    dependencies:
      once "^1.3.0"
      wrappy "1"
  
  inherits@2:
    version "2.0.3"
    resolved "https://registry.yarnpkg.com/inherits/-/inherits-2.0.3.tgz#633c2c83e3da42a502f52466022480f4208261de"
    integrity sha1-Yzwsg+PaQqUC9SRmAiSA9CCCYd4=
  
  istextorbinary@2.1.0:
    version "2.1.0"
    resolved "https://registry.yarnpkg.com/istextorbinary/-/istextorbinary-2.1.0.tgz#dbed2a6f51be2f7475b68f89465811141b758874"
    integrity sha1-2+0qb1G+L3R1to+JRlgRFBt1iHQ=
    dependencies:
      binaryextensions "1 || 2"
      editions "^1.1.1"
      textextensions "1 || 2"
  
  jsonfile@^4.0.0:
    version "4.0.0"
    resolved "https://registry.yarnpkg.com/jsonfile/-/jsonfile-4.0.0.tgz#8771aae0799b64076b76640fca058f9c10e33ecb"
    integrity sha1-h3Gq4HmbZAdrdmQPygWPnBDjPss=
    optionalDependencies:
      graceful-fs "^4.1.6"
  
  lodash@^4.17.11:
    version "4.17.11"
    resolved "https://registry.yarnpkg.com/lodash/-/lodash-4.17.11.tgz#b39ea6229ef607ecd89e2c8df12536891cac9b8d"
    integrity sha512-cQKh8igo5QUhZ7lg38DYWAxMvjSAKG0A8wGSVimP07SIUEK2UO+arSRKbRZWtelMtN5V0Hkwh5ryOto/SshYIg==
  
  matcher-collection@^1.0.0:
    version "1.1.2"
    resolved "https://registry.yarnpkg.com/matcher-collection/-/matcher-collection-1.1.2.tgz#1076f506f10ca85897b53d14ef54f90a5c426838"
    integrity sha512-YQ/teqaOIIfUHedRam08PB3NK7Mjct6BvzRnJmpGDm8uFXpNr1sbY4yuflI5JcEs6COpYA0FpRQhSDBf1tT95g==
    dependencies:
      minimatch "^3.0.2"
  
  merge-trees@^1.0.1:
    version "1.0.1"
    resolved "https://registry.yarnpkg.com/merge-trees/-/merge-trees-1.0.1.tgz#ccbe674569787f9def17fd46e6525f5700bbd23e"
    integrity sha1-zL5nRWl4f53vF/1G5lJfVwC70j4=
    dependencies:
      can-symlink "^1.0.0"
      fs-tree-diff "^0.5.4"
      heimdalljs "^0.2.1"
      heimdalljs-logger "^0.1.7"
      rimraf "^2.4.3"
      symlink-or-copy "^1.0.0"
  
  "minimatch@2 || 3", minimatch@^3.0.0, minimatch@^3.0.2, minimatch@^3.0.4:
    version "3.0.4"
    resolved "https://registry.yarnpkg.com/minimatch/-/minimatch-3.0.4.tgz#5166e286457f03306064be5497e8dbb0c3d32083"
    integrity sha512-yJHVQEhyqPLUTgt9B83PXu6W3rx4MvvHvSUvToogpwoGDOUQ+yDrR0HRot+yOCdCO7u4hX3pWft6kWBBcqh0UA==
    dependencies:
      brace-expansion "^1.1.7"
  
  minimist@0.0.8:
    version "0.0.8"
    resolved "https://registry.yarnpkg.com/minimist/-/minimist-0.0.8.tgz#857fcabfc3397d2625b8228262e86aa7a011b05d"
    integrity sha1-hX/Kv8M5fSYluCKCYuhqp6ARsF0=
  
  mkdirp@^0.5.0, mkdirp@^0.5.1:
    version "0.5.1"
    resolved "https://registry.yarnpkg.com/mkdirp/-/mkdirp-0.5.1.tgz#30057438eac6cf7f8c4767f38648d6697d75c903"
    integrity sha1-MAV0OOrGz3+MR2fzhkjWaX11yQM=
    dependencies:
      minimist "0.0.8"
  
  mktemp@~0.4.0:
    version "0.4.0"
    resolved "https://registry.yarnpkg.com/mktemp/-/mktemp-0.4.0.tgz#6d0515611c8a8c84e484aa2000129b98e981ff0b"
    integrity sha1-bQUVYRyKjITkhKogABKbmOmB/ws=
  
  ms@2.0.0:
    version "2.0.0"
    resolved "https://registry.yarnpkg.com/ms/-/ms-2.0.0.tgz#5608aeadfc00be6c2901df5f9861788de0d597c8"
    integrity sha1-VgiurfwAvmwpAd9fmGF4jeDVl8g=
  
  ms@^2.1.1:
    version "2.1.1"
    resolved "https://registry.yarnpkg.com/ms/-/ms-2.1.1.tgz#30a5864eb3ebb0a66f2ebe6d727af06a09d86e0a"
    integrity sha512-tgp+dl5cGk28utYktBsrFqA7HKgrhgPsg6Z/EfhWI4gl1Hwq8B/GmY/0oXZ6nF8hDVesS/FpnYaD/kOWhYQvyg==
  
  object-assign@^4.1.0:
    version "4.1.1"
    resolved "https://registry.yarnpkg.com/object-assign/-/object-assign-4.1.1.tgz#2109adc7965887cfc05cbbd442cac8bfbb360863"
    integrity sha1-IQmtx5ZYh8/AXLvUQsrIv7s2CGM=
  
  once@^1.3.0:
    version "1.4.0"
    resolved "https://registry.yarnpkg.com/once/-/once-1.4.0.tgz#583b1aa775961d4b113ac17d9c50baef9dd76bd1"
    integrity sha1-WDsap3WWHUsROsF9nFC6753Xa9E=
    dependencies:
      wrappy "1"
  
  os-tmpdir@~1.0.1:
    version "1.0.2"
    resolved "https://registry.yarnpkg.com/os-tmpdir/-/os-tmpdir-1.0.2.tgz#bbe67406c79aa85c5cfec766fe5734555dfa1274"
    integrity sha1-u+Z0BseaqFxc/sdm/lc0VV36EnQ=
  
  path-is-absolute@^1.0.0:
    version "1.0.1"
    resolved "https://registry.yarnpkg.com/path-is-absolute/-/path-is-absolute-1.0.1.tgz#174b9268735534ffbc7ace6bf53a5a9e1b5c5f5f"
    integrity sha1-F0uSaHNVNP+8es5r9TpanhtcX18=
  
  path-parse@^1.0.6:
    version "1.0.6"
    resolved "https://registry.yarnpkg.com/path-parse/-/path-parse-1.0.6.tgz#d62dbb5679405d72c4737ec58600e9ddcf06d24c"
    integrity sha512-GSmOT2EbHrINBf9SR7CDELwlJ8AENk3Qn7OikK4nFYAu3Ote2+JYNVvkpAEQm3/TLNEJFD/xZJjzyxg3KBWOzw==
  
  path-posix@^1.0.0:
    version "1.0.0"
    resolved "https://registry.yarnpkg.com/path-posix/-/path-posix-1.0.0.tgz#06b26113f56beab042545a23bfa88003ccac260f"
    integrity sha1-BrJhE/Vr6rBCVFojv6iAA8ysJg8=
  
  path-root-regex@^0.1.0:
    version "0.1.2"
    resolved "https://registry.yarnpkg.com/path-root-regex/-/path-root-regex-0.1.2.tgz#bfccdc8df5b12dc52c8b43ec38d18d72c04ba96d"
    integrity sha1-v8zcjfWxLcUsi0PsONGNcsBLqW0=
  
  path-root@^0.1.1:
    version "0.1.1"
    resolved "https://registry.yarnpkg.com/path-root/-/path-root-0.1.1.tgz#9a4a6814cac1c0cd73360a95f32083c8ea4745b7"
    integrity sha1-mkpoFMrBwM1zNgqV8yCDyOpHRbc=
    dependencies:
      path-root-regex "^0.1.0"
  
  promise-map-series@^0.2.1:
    version "0.2.3"
    resolved "https://registry.yarnpkg.com/promise-map-series/-/promise-map-series-0.2.3.tgz#c2d377afc93253f6bd03dbb77755eb88ab20a847"
    integrity sha1-wtN3r8kyU/a9A9u3d1XriKsgqEc=
    dependencies:
      rsvp "^3.0.14"
  
  quick-temp@^0.1.3, quick-temp@^0.1.5:
    version "0.1.8"
    resolved "https://registry.yarnpkg.com/quick-temp/-/quick-temp-0.1.8.tgz#bab02a242ab8fb0dd758a3c9776b32f9a5d94408"
    integrity sha1-urAqJCq4+w3XWKPJd2sy+aXZRAg=
    dependencies:
      mktemp "~0.4.0"
      rimraf "^2.5.4"
      underscore.string "~3.3.4"
  
  resolve-package-path@^1.0.11:
    version "1.2.6"
    resolved "https://registry.yarnpkg.com/resolve-package-path/-/resolve-package-path-1.2.6.tgz#48f5d69a5b3a0ea68f7b9c7398459dd4125807c7"
    integrity sha512-He6cGWU74tJ6wLYSKrbvWOfIXf2tUu5RcBWqX/2K9Ju00CncF5WRdCOJQisqCtaULcqIqpLvMtz8ZjfpwlBwqg==
    dependencies:
      path-root "^0.1.1"
      resolve "^1.10.0"
  
  resolve@^1.10.0, resolve@^1.8.1:
    version "1.10.0"
    resolved "https://registry.yarnpkg.com/resolve/-/resolve-1.10.0.tgz#3bdaaeaf45cc07f375656dfd2e54ed0810b101ba"
    integrity sha512-3sUr9aq5OfSg2S9pNtPA9hL1FVEAjvfOC4leW0SNf/mpnaakz2a9femSd6LqAww2RaFctwyf1lCqnTHuF1rxDg==
    dependencies:
      path-parse "^1.0.6"
  
  rimraf@^2.3.4, rimraf@^2.4.3, rimraf@^2.5.3, rimraf@^2.5.4, rimraf@^2.6.1:
    version "2.6.3"
    resolved "https://registry.yarnpkg.com/rimraf/-/rimraf-2.6.3.tgz#b2d104fe0d8fb27cf9e0a1cda8262dd3833c6cab"
    integrity sha512-mwqeW5XsA2qAejG46gYdENaxXjx9onRNCfn7L0duuP4hCuTIi/QO7PDK07KJfp1d+izWPrzEJDcSqBa0OZQriA==
    dependencies:
      glob "^7.1.3"
  
  rsvp@^3.0.14, rsvp@^3.0.18:
    version "3.6.2"
    resolved "https://registry.yarnpkg.com/rsvp/-/rsvp-3.6.2.tgz#2e96491599a96cde1b515d5674a8f7a91452926a"
    integrity sha512-OfWGQTb9vnwRjwtA2QwpG2ICclHC3pgXZO5xt8H2EfgDquO0qVdSb5T88L4qJVAEugbS56pAuV4XZM58UX8ulw==
  
  rsvp@^4.8.3:
    version "4.8.4"
    resolved "https://registry.yarnpkg.com/rsvp/-/rsvp-4.8.4.tgz#b50e6b34583f3dd89329a2f23a8a2be072845911"
    integrity sha512-6FomvYPfs+Jy9TfXmBpBuMWNH94SgCsZmJKcanySzgNNP6LjWxBvyLTa9KaMfDDM5oxRfrKDB0r/qeRsLwnBfA==
  
  rsvp@~3.2.1:
    version "3.2.1"
    resolved "https://registry.yarnpkg.com/rsvp/-/rsvp-3.2.1.tgz#07cb4a5df25add9e826ebc67dcc9fd89db27d84a"
    integrity sha1-B8tKXfJa3Z6Cbrxn3Mn9idsn2Eo=
  
  safe-buffer@~5.1.1:
    version "5.1.2"
    resolved "https://registry.yarnpkg.com/safe-buffer/-/safe-buffer-5.1.2.tgz#991ec69d296e0313747d59bdfd2b745c35f8828d"
    integrity sha512-Gd2UZBJDkXlY7GbJxfsE8/nvKkUEU1G38c1siN6QP6a9PT9MmHB8GnpscSmMJSoF8LOIrt8ud/wPtojys4G6+g==
  
  sprintf-js@^1.0.3:
    version "1.1.2"
    resolved "https://registry.yarnpkg.com/sprintf-js/-/sprintf-js-1.1.2.tgz#da1765262bf8c0f571749f2ad6c26300207ae673"
    integrity sha512-VE0SOVEHCk7Qc8ulkWw3ntAzXuqf7S2lvwQaDLRnUeIEaKNQJzV6BwmLKhOqT61aGhfUMrXeaBk+oDGCzvhcug==
  
  supports-color@^5.3.0:
    version "5.5.0"
    resolved "https://registry.yarnpkg.com/supports-color/-/supports-color-5.5.0.tgz#e2e69a44ac8772f78a1ec0b35b689df6530efc8f"
    integrity sha512-QjVjwdXIt408MIiAqCX4oUKsgU2EqAGzs2Ppkm4aQYbjm+ZEWEcW4SfFNTr4uMNZma0ey4f5lgLrkB0aX0QMow==
    dependencies:
      has-flag "^3.0.0"
  
  symlink-or-copy@^1.0.0, symlink-or-copy@^1.0.1, symlink-or-copy@^1.1.8, symlink-or-copy@^1.2.0:
    version "1.2.0"
    resolved "https://registry.yarnpkg.com/symlink-or-copy/-/symlink-or-copy-1.2.0.tgz#5d49108e2ab824a34069b68974486c290020b393"
    integrity sha512-W31+GLiBmU/ZR02Ii0mVZICuNEN9daZ63xZMPDsYgPgNjMtg+atqLEGI7PPI936jYSQZxoLb/63xos8Adrx4Eg==
  
  "textextensions@1 || 2":
    version "2.4.0"
    resolved "https://registry.yarnpkg.com/textextensions/-/textextensions-2.4.0.tgz#6a143a985464384cc2cff11aea448cd5b018e72b"
    integrity sha512-qftQXnX1DzpSV8EddtHIT0eDDEiBF8ywhFYR2lI9xrGtxqKN+CvLXhACeCIGbCpQfxxERbrkZEFb8cZcDKbVZA==
  
  tmp@0.0.28:
    version "0.0.28"
    resolved "https://registry.yarnpkg.com/tmp/-/tmp-0.0.28.tgz#172735b7f614ea7af39664fa84cf0de4e515d120"
    integrity sha1-Fyc1t/YU6nrzlmT6hM8N5OUV0SA=
    dependencies:
      os-tmpdir "~1.0.1"
  
  tree-sync@^1.2.2:
    version "1.4.0"
    resolved "https://registry.yarnpkg.com/tree-sync/-/tree-sync-1.4.0.tgz#314598d13abaf752547d9335b8f95d9a137100d6"
    integrity sha512-YvYllqh3qrR5TAYZZTXdspnIhlKAYezPYw11ntmweoceu4VK+keN356phHRIIo1d+RDmLpHZrUlmxga2gc9kSQ==
    dependencies:
      debug "^2.2.0"
      fs-tree-diff "^0.5.6"
      mkdirp "^0.5.1"
      quick-temp "^0.1.5"
      walk-sync "^0.3.3"
  
  underscore.string@~3.3.4:
    version "3.3.5"
    resolved "https://registry.yarnpkg.com/underscore.string/-/underscore.string-3.3.5.tgz#fc2ad255b8bd309e239cbc5816fd23a9b7ea4023"
    integrity sha512-g+dpmgn+XBneLmXXo+sGlW5xQEt4ErkS3mgeN2GFbremYeMBSJKr9Wf2KJplQVaiPY/f7FN6atosWYNm9ovrYg==
    dependencies:
      sprintf-js "^1.0.3"
      util-deprecate "^1.0.2"
  
  universalify@^0.1.0:
    version "0.1.2"
    resolved "https://registry.yarnpkg.com/universalify/-/universalify-0.1.2.tgz#b646f69be3942dabcecc9d6639c80dc105efaa66"
    integrity sha512-rBJeI5CXAlmy1pV+617WB9J63U6XcazHHF2f2dbJix4XzpUF0RS3Zbj0FGIOCAva5P/d/GBOYaACQ1w+0azUkg==
  
  username-sync@^1.0.2:
    version "1.0.2"
    resolved "https://registry.yarnpkg.com/username-sync/-/username-sync-1.0.2.tgz#0a3697909fb7b5768d29e2921f573acfdd427592"
    integrity sha512-ayNkOJdoNSGNDBE46Nkc+l6IXmeugbzahZLSMkwvgRWv5y5ZqNY2IrzcgmkR4z32sj1W3tM3TuTUMqkqBzO+RA==
  
  util-deprecate@^1.0.2:
    version "1.0.2"
    resolved "https://registry.yarnpkg.com/util-deprecate/-/util-deprecate-1.0.2.tgz#450d4dc9fa70de732762fbd2d4a28981419a0ccf"
    integrity sha1-RQ1Nyfpw3nMnYvvS1KKJgUGaDM8=
  
  walk-sync@^0.3.0, walk-sync@^0.3.1, walk-sync@^0.3.3:
    version "0.3.4"
    resolved "https://registry.yarnpkg.com/walk-sync/-/walk-sync-0.3.4.tgz#cf78486cc567d3a96b5b2237c6108017a5ffb9a4"
    integrity sha512-ttGcuHA/OBnN2pcM6johpYlEms7XpO5/fyKIr48541xXedan4roO8cS1Q2S/zbbjGH/BarYDAMeS2Mi9HE5Tig==
    dependencies:
      ensure-posix-path "^1.0.0"
      matcher-collection "^1.0.0"
  
  wrappy@1:
    version "1.0.2"
    resolved "https://registry.yarnpkg.com/wrappy/-/wrappy-1.0.2.tgz#b5243d8f3ec1aa35f1364605bc0d1036e30ab69f"
    integrity sha1-tSQ9jz7BqjXxNkYFvA0QNuMKtp8=
